<?xml version="1.0" encoding="UTF-8"?>
<testng-results skipped="0" failed="0" ignored="0" total="1" passed="1">
  <reporter-output>
  </reporter-output>
  <suite name="Default suite" duration-ms="6338" started-at="2021-05-25T22:33:40 IST" finished-at="2021-05-25T22:33:46 IST">
    <groups>
    </groups>
    <test name="Default test" duration-ms="6338" started-at="2021-05-25T22:33:40 IST" finished-at="2021-05-25T22:33:46 IST">
      <class name="tests.testAPI">
        <test-method status="PASS" signature="setup()[pri:0, instance:tests.testAPI@646d64ab]" name="setup" is-config="true" duration-ms="5403" started-at="2021-05-25T22:33:40 IST" finished-at="2021-05-25T22:33:45 IST">
          <reporter-output>
          </reporter-output>
        </test-method> <!-- setup -->
        <test-method status="PASS" signature="login()[pri:0, instance:tests.testAPI@646d64ab]" name="login" duration-ms="868" started-at="2021-05-25T22:33:46 IST" finished-at="2021-05-25T22:33:46 IST">
          <reporter-output>
          </reporter-output>
        </test-method> <!-- login -->
      </class> <!-- tests.testAPI -->
    </test> <!-- Default test -->
  </suite> <!-- Default suite -->
</testng-results>
